2024-02-09 15:26:36,470 INFO: Aplicació iniciada [in D:\2nDAW\M12 Projecte\wannapop\wannapop\__init__.py:67]
2024-02-09 15:26:36,576 INFO: Aplicació iniciada [in D:\2nDAW\M12 Projecte\wannapop\wannapop\__init__.py:67]
2024-02-09 15:26:36,576 INFO: Aplicació iniciada [in D:\2nDAW\M12 Projecte\wannapop\wannapop\__init__.py:67]
2024-02-09 15:26:38,230 INFO: Aplicació iniciada [in D:\2nDAW\M12 Projecte\wannapop\wannapop\__init__.py:67]
2024-02-09 15:26:38,267 INFO: Aplicació iniciada [in D:\2nDAW\M12 Projecte\wannapop\wannapop\__init__.py:67]
2024-02-09 15:26:38,267 INFO: Aplicació iniciada [in D:\2nDAW\M12 Projecte\wannapop\wannapop\__init__.py:67]
2024-02-09 15:26:45,471 DEBUG: Usuari pruebarole intenta autenticar-se [in D:\2nDAW\M12 Projecte\wannapop\wannapop\routes_auth.py:27]
2024-02-09 15:26:45,471 DEBUG: Usuari pruebarole intenta autenticar-se [in D:\2nDAW\M12 Projecte\wannapop\wannapop\routes_auth.py:27]
2024-02-09 15:26:46,148 DEBUG: Usuari pruebarole s'ha autenticat correctament [in D:\2nDAW\M12 Projecte\wannapop\wannapop\routes_auth.py:34]
2024-02-09 15:26:46,148 DEBUG: Usuari pruebarole s'ha autenticat correctament [in D:\2nDAW\M12 Projecte\wannapop\wannapop\routes_auth.py:34]
2024-02-09 15:26:46,178 DEBUG: Products_with_categoy = [(<Product 4>, <Category 2>), (<Product 5>, <Category 2>), (<Product 6>, <Category 1>), (<Product 7>, <Category 1>), (<Product 8>, <Category 3>), (<Product 9>, <Category 2>), (<Product 10>, <Category 2>), (<Product 11>, <Category 5>), (<Product 12>, <Category 3>), (<Product 13>, <Category 2>), (<Product 14>, <Category 5>), (<Product 15>, <Category 3>), (<Product 16>, <Category 10>), (<Product 19>, <Category 1>), (<Product 20>, <Category 1>), (<Product 21>, <Category 11>)] [in D:\2nDAW\M12 Projecte\wannapop\wannapop\routes_main.py:126]
2024-02-09 15:26:46,178 DEBUG: Products_with_categoy = [(<Product 4>, <Category 2>), (<Product 5>, <Category 2>), (<Product 6>, <Category 1>), (<Product 7>, <Category 1>), (<Product 8>, <Category 3>), (<Product 9>, <Category 2>), (<Product 10>, <Category 2>), (<Product 11>, <Category 5>), (<Product 12>, <Category 3>), (<Product 13>, <Category 2>), (<Product 14>, <Category 5>), (<Product 15>, <Category 3>), (<Product 16>, <Category 10>), (<Product 19>, <Category 1>), (<Product 20>, <Category 1>), (<Product 21>, <Category 11>)] [in D:\2nDAW\M12 Projecte\wannapop\wannapop\routes_main.py:126]
2024-02-09 15:49:51,875 INFO: Aplicació iniciada [in D:\2nDAW\M12 Projecte\wannapop\wannapop\__init__.py:67]
2024-02-09 15:49:51,893 INFO: Aplicació iniciada [in D:\2nDAW\M12 Projecte\wannapop\wannapop\__init__.py:67]
2024-02-09 15:49:51,893 INFO: Aplicació iniciada [in D:\2nDAW\M12 Projecte\wannapop\wannapop\__init__.py:67]
2024-02-09 15:49:52,887 INFO: Aplicació iniciada [in D:\2nDAW\M12 Projecte\wannapop\wannapop\__init__.py:67]
2024-02-09 15:49:52,911 INFO: Aplicació iniciada [in D:\2nDAW\M12 Projecte\wannapop\wannapop\__init__.py:67]
2024-02-09 15:49:52,911 INFO: Aplicació iniciada [in D:\2nDAW\M12 Projecte\wannapop\wannapop\__init__.py:67]
2024-02-09 15:50:42,799 INFO: Aplicació iniciada [in D:\2nDAW\M12 Projecte\wannapop\wannapop\__init__.py:67]
2024-02-09 15:50:42,803 INFO: Aplicació iniciada [in D:\2nDAW\M12 Projecte\wannapop\wannapop\__init__.py:67]
2024-02-09 15:50:42,803 INFO: Aplicació iniciada [in D:\2nDAW\M12 Projecte\wannapop\wannapop\__init__.py:67]
2024-02-09 15:51:13,303 INFO: Aplicació iniciada [in D:\2nDAW\M12 Projecte\wannapop\wannapop\__init__.py:67]
2024-02-09 15:51:13,319 INFO: Aplicació iniciada [in D:\2nDAW\M12 Projecte\wannapop\wannapop\__init__.py:67]
2024-02-09 15:51:13,319 INFO: Aplicació iniciada [in D:\2nDAW\M12 Projecte\wannapop\wannapop\__init__.py:67]
2024-02-09 15:51:45,956 INFO: Aplicació iniciada [in D:\2nDAW\M12 Projecte\wannapop\wannapop\__init__.py:67]
2024-02-09 15:51:45,990 INFO: Aplicació iniciada [in D:\2nDAW\M12 Projecte\wannapop\wannapop\__init__.py:67]
2024-02-09 15:51:45,990 INFO: Aplicació iniciada [in D:\2nDAW\M12 Projecte\wannapop\wannapop\__init__.py:67]
2024-02-09 15:52:44,686 INFO: Aplicació iniciada [in D:\2nDAW\M12 Projecte\wannapop\wannapop\__init__.py:67]
2024-02-09 15:52:44,715 INFO: Aplicació iniciada [in D:\2nDAW\M12 Projecte\wannapop\wannapop\__init__.py:67]
2024-02-09 15:52:44,715 INFO: Aplicació iniciada [in D:\2nDAW\M12 Projecte\wannapop\wannapop\__init__.py:67]
2024-02-09 15:53:02,095 INFO: Aplicació iniciada [in D:\2nDAW\M12 Projecte\wannapop\wannapop\__init__.py:67]
2024-02-09 15:53:02,111 INFO: Aplicació iniciada [in D:\2nDAW\M12 Projecte\wannapop\wannapop\__init__.py:67]
2024-02-09 15:53:02,111 INFO: Aplicació iniciada [in D:\2nDAW\M12 Projecte\wannapop\wannapop\__init__.py:67]
2024-02-09 15:53:12,622 INFO: Aplicació iniciada [in D:\2nDAW\M12 Projecte\wannapop\wannapop\__init__.py:67]
2024-02-09 15:53:12,643 INFO: Aplicació iniciada [in D:\2nDAW\M12 Projecte\wannapop\wannapop\__init__.py:67]
2024-02-09 15:53:12,643 INFO: Aplicació iniciada [in D:\2nDAW\M12 Projecte\wannapop\wannapop\__init__.py:67]
2024-02-09 15:53:46,129 INFO: Aplicació iniciada [in D:\2nDAW\M12 Projecte\wannapop\wannapop\__init__.py:67]
2024-02-09 15:53:46,157 INFO: Aplicació iniciada [in D:\2nDAW\M12 Projecte\wannapop\wannapop\__init__.py:67]
2024-02-09 15:53:46,157 INFO: Aplicació iniciada [in D:\2nDAW\M12 Projecte\wannapop\wannapop\__init__.py:67]
2024-02-09 15:54:06,834 INFO: Aplicació iniciada [in D:\2nDAW\M12 Projecte\wannapop\wannapop\__init__.py:67]
2024-02-09 15:54:06,850 INFO: Aplicació iniciada [in D:\2nDAW\M12 Projecte\wannapop\wannapop\__init__.py:67]
2024-02-09 15:54:06,850 INFO: Aplicació iniciada [in D:\2nDAW\M12 Projecte\wannapop\wannapop\__init__.py:67]
2024-02-09 15:54:07,796 INFO: Aplicació iniciada [in D:\2nDAW\M12 Projecte\wannapop\wannapop\__init__.py:67]
2024-02-09 15:54:07,815 INFO: Aplicació iniciada [in D:\2nDAW\M12 Projecte\wannapop\wannapop\__init__.py:67]
2024-02-09 15:54:07,815 INFO: Aplicació iniciada [in D:\2nDAW\M12 Projecte\wannapop\wannapop\__init__.py:67]
2024-02-09 15:54:17,689 DEBUG: Usuari pruebarole intenta autenticar-se [in D:\2nDAW\M12 Projecte\wannapop\wannapop\routes_auth.py:27]
2024-02-09 15:54:17,689 DEBUG: Usuari pruebarole intenta autenticar-se [in D:\2nDAW\M12 Projecte\wannapop\wannapop\routes_auth.py:27]
2024-02-09 15:54:18,058 WARNING: Usuari pruebarole no s'ha autenticat correctament [in D:\2nDAW\M12 Projecte\wannapop\wannapop\routes_auth.py:42]
2024-02-09 15:54:18,058 WARNING: Usuari pruebarole no s'ha autenticat correctament [in D:\2nDAW\M12 Projecte\wannapop\wannapop\routes_auth.py:42]
2024-02-09 15:54:24,410 DEBUG: Usuari pruebarole intenta autenticar-se [in D:\2nDAW\M12 Projecte\wannapop\wannapop\routes_auth.py:27]
2024-02-09 15:54:24,410 DEBUG: Usuari pruebarole intenta autenticar-se [in D:\2nDAW\M12 Projecte\wannapop\wannapop\routes_auth.py:27]
2024-02-09 15:54:24,758 DEBUG: Usuari pruebarole s'ha autenticat correctament [in D:\2nDAW\M12 Projecte\wannapop\wannapop\routes_auth.py:34]
2024-02-09 15:54:24,758 DEBUG: Usuari pruebarole s'ha autenticat correctament [in D:\2nDAW\M12 Projecte\wannapop\wannapop\routes_auth.py:34]
2024-02-09 15:54:24,782 DEBUG: Products_with_categoy = [(<Product 4>, <Category 2>), (<Product 5>, <Category 2>), (<Product 6>, <Category 1>), (<Product 7>, <Category 1>), (<Product 8>, <Category 3>), (<Product 9>, <Category 2>), (<Product 10>, <Category 2>), (<Product 11>, <Category 5>), (<Product 12>, <Category 3>), (<Product 13>, <Category 2>), (<Product 14>, <Category 5>), (<Product 15>, <Category 3>), (<Product 16>, <Category 10>), (<Product 19>, <Category 1>), (<Product 20>, <Category 1>), (<Product 21>, <Category 11>)] [in D:\2nDAW\M12 Projecte\wannapop\wannapop\routes_main.py:126]
2024-02-09 15:54:24,782 DEBUG: Products_with_categoy = [(<Product 4>, <Category 2>), (<Product 5>, <Category 2>), (<Product 6>, <Category 1>), (<Product 7>, <Category 1>), (<Product 8>, <Category 3>), (<Product 9>, <Category 2>), (<Product 10>, <Category 2>), (<Product 11>, <Category 5>), (<Product 12>, <Category 3>), (<Product 13>, <Category 2>), (<Product 14>, <Category 5>), (<Product 15>, <Category 3>), (<Product 16>, <Category 10>), (<Product 19>, <Category 1>), (<Product 20>, <Category 1>), (<Product 21>, <Category 11>)] [in D:\2nDAW\M12 Projecte\wannapop\wannapop\routes_main.py:126]
2024-02-09 15:55:33,917 INFO: Aplicació iniciada [in D:\2nDAW\M12 Projecte\wannapop\wannapop\__init__.py:67]
2024-02-09 15:55:33,917 INFO: Aplicació iniciada [in D:\2nDAW\M12 Projecte\wannapop\wannapop\__init__.py:67]
2024-02-09 15:55:33,917 INFO: Aplicació iniciada [in D:\2nDAW\M12 Projecte\wannapop\wannapop\__init__.py:67]
2024-02-09 15:55:37,103 INFO: Aplicació iniciada [in D:\2nDAW\M12 Projecte\wannapop\wannapop\__init__.py:67]
2024-02-09 15:55:37,118 INFO: Aplicació iniciada [in D:\2nDAW\M12 Projecte\wannapop\wannapop\__init__.py:67]
2024-02-09 15:55:37,118 INFO: Aplicació iniciada [in D:\2nDAW\M12 Projecte\wannapop\wannapop\__init__.py:67]
2024-02-09 15:55:41,301 INFO: Aplicació iniciada [in D:\2nDAW\M12 Projecte\wannapop\wannapop\__init__.py:67]
2024-02-09 15:55:41,301 INFO: Aplicació iniciada [in D:\2nDAW\M12 Projecte\wannapop\wannapop\__init__.py:67]
2024-02-09 15:55:41,301 INFO: Aplicació iniciada [in D:\2nDAW\M12 Projecte\wannapop\wannapop\__init__.py:67]
2024-02-09 15:55:44,496 INFO: Aplicació iniciada [in D:\2nDAW\M12 Projecte\wannapop\wannapop\__init__.py:67]
2024-02-09 15:55:44,518 INFO: Aplicació iniciada [in D:\2nDAW\M12 Projecte\wannapop\wannapop\__init__.py:67]
2024-02-09 15:55:44,518 INFO: Aplicació iniciada [in D:\2nDAW\M12 Projecte\wannapop\wannapop\__init__.py:67]
2024-02-09 15:55:48,688 INFO: Aplicació iniciada [in D:\2nDAW\M12 Projecte\wannapop\wannapop\__init__.py:67]
2024-02-09 15:55:48,713 INFO: Aplicació iniciada [in D:\2nDAW\M12 Projecte\wannapop\wannapop\__init__.py:67]
2024-02-09 15:55:48,713 INFO: Aplicació iniciada [in D:\2nDAW\M12 Projecte\wannapop\wannapop\__init__.py:67]
2024-02-09 15:55:50,920 INFO: Aplicació iniciada [in D:\2nDAW\M12 Projecte\wannapop\wannapop\__init__.py:67]
2024-02-09 15:55:50,932 INFO: Aplicació iniciada [in D:\2nDAW\M12 Projecte\wannapop\wannapop\__init__.py:67]
